<?xml version="1.0" encoding="UTF-8"?>
<testsuite name="app.controllers.UserControllerTest" tests="6" skipped="0" failures="0" errors="0" timestamp="2020-12-29T14:06:34" hostname="RAKESHLAPTOP" time="1.82">
  <properties/>
  <testcase name="invalid get current user without token" classname="app.controllers.UserControllerTest" time="0.3"/>
  <testcase name="update user data" classname="app.controllers.UserControllerTest" time="0.332"/>
  <testcase name="invalid login without pass valid body" classname="app.controllers.UserControllerTest" time="0.285"/>
  <testcase name="get current user by token" classname="app.controllers.UserControllerTest" time="0.319"/>
  <testcase name="success login with email and password" classname="app.controllers.UserControllerTest" time="0.303"/>
  <testcase name="success register user" classname="app.controllers.UserControllerTest" time="0.28"/>
  <system-out><![CDATA[]]></system-out>
  <system-err><![CDATA[[Test worker] WARN org.eclipse.jetty.server.handler.AbstractHandler - No Server set for WebjarHandler@1c125609{STARTING}
[Test worker] INFO io.javalin.Javalin - Static file handler added:
    {urlPathPrefix: "/", path: "/public", location: Location.CLASSPATH}
    Resolved path: 'file:///D:/xampp/htdocs/Kotlin-Java/kotlinapp/build/resources/main/public/'
[Test worker] WARN org.eclipse.jetty.server.handler.AbstractHandler - No Server set for PrefixableHandler@2f04a38b{STARTING}
[Test worker] INFO io.javalin.Javalin - 
           __                      __ _
          / /____ _ _   __ ____ _ / /(_)____
     __  / // __ `/| | / // __ `// // // __ \
    / /_/ // /_/ / | |/ // /_/ // // // / / /
    \____/ \__,_/  |___/ \__,_//_//_//_/ /_/

        https://javalin.io/documentation

[Test worker] INFO io.javalin.Javalin - Starting Javalin ...
[Test worker] INFO org.eclipse.jetty.server.Server - jetty-9.4.34.v20201102; built: 2020-11-02T14:15:39.302Z; git: e46af88704a893fc12cb0e3bf46e2c7b48a009e7; jvm 1.8.0_275-b01
[Test worker] INFO org.eclipse.jetty.server.AbstractConnector - Started ServerConnector@7c38f3b{HTTP/1.1, (http/1.1)}{0.0.0.0:8080}
[Test worker] INFO org.eclipse.jetty.util.ssl.SslContextFactory - x509=X509@d4d2eea(localhost,h=[],w=[]) for SslContextFactory@1cf68fe6[provider=Conscrypt,keyStore=file:///D:/xampp/htdocs/Kotlin-Java/kotlinapp/build/resources/main/mykeystore.jks,trustStore=null]
[Test worker] INFO org.eclipse.jetty.util.ssl.SslContextFactory - Unable to get KeyManagerFactory instance for algorithm [SunX509] on provider [Conscrypt], using default
[Test worker] INFO org.eclipse.jetty.server.AbstractConnector - Started ServerConnector@6dfbdbc3{SSL, (ssl, http/1.1)}{0.0.0.0:8443}
[Test worker] INFO org.eclipse.jetty.server.Server - Started @5862ms
[Test worker] INFO io.javalin.Javalin - Listening on http://localhost:8080/api
[Test worker] INFO io.javalin.Javalin - Listening on https://localhost:8443/api
[Test worker] INFO io.javalin.Javalin - Javalin started in 250ms \o/
[Test worker] INFO com.zaxxer.hikari.HikariDataSource - HikariPool-4 - Starting...
[Test worker] INFO com.zaxxer.hikari.HikariDataSource - HikariPool-4 - Start completed.
[qtp994331649-72] WARN app.ext.ErrorException - ForbiddenResponse occurred for req -> http://localhost:8080/api/user
[Test worker] INFO io.javalin.Javalin - Stopping Javalin ...
[Test worker] INFO org.eclipse.jetty.server.AbstractConnector - Stopped ServerConnector@7c38f3b{HTTP/1.1, (http/1.1)}{0.0.0.0:8080}
[Test worker] INFO org.eclipse.jetty.server.AbstractConnector - Stopped ServerConnector@6dfbdbc3{SSL, (ssl, http/1.1)}{0.0.0.0:8443}
[Test worker] INFO io.javalin.Javalin - Javalin has stopped
[Test worker] WARN org.eclipse.jetty.server.handler.AbstractHandler - No Server set for WebjarHandler@3ccf5d84{STARTING}
[Test worker] INFO io.javalin.Javalin - Static file handler added:
    {urlPathPrefix: "/", path: "/public", location: Location.CLASSPATH}
    Resolved path: 'file:///D:/xampp/htdocs/Kotlin-Java/kotlinapp/build/resources/main/public/'
[Test worker] WARN org.eclipse.jetty.server.handler.AbstractHandler - No Server set for PrefixableHandler@5d919146{STARTING}
[Test worker] INFO io.javalin.Javalin - 
           __                      __ _
          / /____ _ _   __ ____ _ / /(_)____
     __  / // __ `/| | / // __ `// // // __ \
    / /_/ // /_/ / | |/ // /_/ // // // / / /
    \____/ \__,_/  |___/ \__,_//_//_//_/ /_/

        https://javalin.io/documentation

[Test worker] INFO io.javalin.Javalin - Starting Javalin ...
[Test worker] INFO org.eclipse.jetty.server.Server - jetty-9.4.34.v20201102; built: 2020-11-02T14:15:39.302Z; git: e46af88704a893fc12cb0e3bf46e2c7b48a009e7; jvm 1.8.0_275-b01
[Test worker] INFO org.eclipse.jetty.server.AbstractConnector - Started ServerConnector@6ffd28be{HTTP/1.1, (http/1.1)}{0.0.0.0:8080}
[Test worker] INFO org.eclipse.jetty.util.ssl.SslContextFactory - x509=X509@3875e525(localhost,h=[],w=[]) for SslContextFactory@48569656[provider=Conscrypt,keyStore=file:///D:/xampp/htdocs/Kotlin-Java/kotlinapp/build/resources/main/mykeystore.jks,trustStore=null]
[Test worker] INFO org.eclipse.jetty.util.ssl.SslContextFactory - Unable to get KeyManagerFactory instance for algorithm [SunX509] on provider [Conscrypt], using default
[Test worker] INFO org.eclipse.jetty.server.AbstractConnector - Started ServerConnector@355a8caf{SSL, (ssl, http/1.1)}{0.0.0.0:8443}
[Test worker] INFO org.eclipse.jetty.server.Server - Started @6146ms
[Test worker] INFO io.javalin.Javalin - Listening on http://localhost:8080/api
[Test worker] INFO io.javalin.Javalin - Listening on https://localhost:8443/api
[Test worker] INFO io.javalin.Javalin - Javalin started in 237ms \o/
[Test worker] INFO com.zaxxer.hikari.HikariDataSource - HikariPool-5 - Starting...
[Test worker] INFO com.zaxxer.hikari.HikariDataSource - HikariPool-5 - Start completed.
[Test worker] INFO io.javalin.Javalin - Stopping Javalin ...
[Test worker] INFO org.eclipse.jetty.server.AbstractConnector - Stopped ServerConnector@6ffd28be{HTTP/1.1, (http/1.1)}{0.0.0.0:8080}
[Test worker] INFO org.eclipse.jetty.server.AbstractConnector - Stopped ServerConnector@355a8caf{SSL, (ssl, http/1.1)}{0.0.0.0:8443}
[Test worker] INFO io.javalin.Javalin - Javalin has stopped
[Test worker] WARN org.eclipse.jetty.server.handler.AbstractHandler - No Server set for WebjarHandler@1304b41a{STARTING}
[Test worker] INFO io.javalin.Javalin - Static file handler added:
    {urlPathPrefix: "/", path: "/public", location: Location.CLASSPATH}
    Resolved path: 'file:///D:/xampp/htdocs/Kotlin-Java/kotlinapp/build/resources/main/public/'
[Test worker] WARN org.eclipse.jetty.server.handler.AbstractHandler - No Server set for PrefixableHandler@22062638{STARTING}
[Test worker] INFO io.javalin.Javalin - 
           __                      __ _
          / /____ _ _   __ ____ _ / /(_)____
     __  / // __ `/| | / // __ `// // // __ \
    / /_/ // /_/ / | |/ // /_/ // // // / / /
    \____/ \__,_/  |___/ \__,_//_//_//_/ /_/

        https://javalin.io/documentation

[Test worker] INFO io.javalin.Javalin - Starting Javalin ...
[Test worker] INFO org.eclipse.jetty.server.Server - jetty-9.4.34.v20201102; built: 2020-11-02T14:15:39.302Z; git: e46af88704a893fc12cb0e3bf46e2c7b48a009e7; jvm 1.8.0_275-b01
[Test worker] INFO org.eclipse.jetty.server.AbstractConnector - Started ServerConnector@72196330{HTTP/1.1, (http/1.1)}{0.0.0.0:8080}
[Test worker] INFO org.eclipse.jetty.util.ssl.SslContextFactory - x509=X509@211ba7c8(localhost,h=[],w=[]) for SslContextFactory@6a9a7bab[provider=Conscrypt,keyStore=file:///D:/xampp/htdocs/Kotlin-Java/kotlinapp/build/resources/main/mykeystore.jks,trustStore=null]
[Test worker] INFO org.eclipse.jetty.util.ssl.SslContextFactory - Unable to get KeyManagerFactory instance for algorithm [SunX509] on provider [Conscrypt], using default
[Test worker] INFO org.eclipse.jetty.server.AbstractConnector - Started ServerConnector@70e82b61{SSL, (ssl, http/1.1)}{0.0.0.0:8443}
[Test worker] INFO org.eclipse.jetty.server.Server - Started @6479ms
[Test worker] INFO io.javalin.Javalin - Listening on http://localhost:8080/api
[Test worker] INFO io.javalin.Javalin - Listening on https://localhost:8443/api
[Test worker] INFO io.javalin.Javalin - Javalin started in 236ms \o/
[Test worker] INFO com.zaxxer.hikari.HikariDataSource - HikariPool-6 - Starting...
[Test worker] INFO com.zaxxer.hikari.HikariDataSource - HikariPool-6 - Start completed.
[qtp1160486843-104] WARN app.ext.ErrorException - BadRequestResponse occurred for req -> http://localhost:8080/api/users/login
[Test worker] INFO io.javalin.Javalin - Stopping Javalin ...
[Test worker] INFO org.eclipse.jetty.server.AbstractConnector - Stopped ServerConnector@72196330{HTTP/1.1, (http/1.1)}{0.0.0.0:8080}
[Test worker] INFO org.eclipse.jetty.server.AbstractConnector - Stopped ServerConnector@70e82b61{SSL, (ssl, http/1.1)}{0.0.0.0:8443}
[Test worker] INFO io.javalin.Javalin - Javalin has stopped
[Test worker] WARN org.eclipse.jetty.server.handler.AbstractHandler - No Server set for WebjarHandler@39cffd7d{STARTING}
[Test worker] INFO io.javalin.Javalin - Static file handler added:
    {urlPathPrefix: "/", path: "/public", location: Location.CLASSPATH}
    Resolved path: 'file:///D:/xampp/htdocs/Kotlin-Java/kotlinapp/build/resources/main/public/'
[Test worker] WARN org.eclipse.jetty.server.handler.AbstractHandler - No Server set for PrefixableHandler@319c1e7e{STARTING}
[Test worker] INFO io.javalin.Javalin - 
           __                      __ _
          / /____ _ _   __ ____ _ / /(_)____
     __  / // __ `/| | / // __ `// // // __ \
    / /_/ // /_/ / | |/ // /_/ // // // / / /
    \____/ \__,_/  |___/ \__,_//_//_//_/ /_/

        https://javalin.io/documentation

[Test worker] INFO io.javalin.Javalin - Starting Javalin ...
[Test worker] INFO org.eclipse.jetty.server.Server - jetty-9.4.34.v20201102; built: 2020-11-02T14:15:39.302Z; git: e46af88704a893fc12cb0e3bf46e2c7b48a009e7; jvm 1.8.0_275-b01
[Test worker] INFO org.eclipse.jetty.server.AbstractConnector - Started ServerConnector@3bf9c9ba{HTTP/1.1, (http/1.1)}{0.0.0.0:8080}
[Test worker] INFO org.eclipse.jetty.util.ssl.SslContextFactory - x509=X509@32a3add3(localhost,h=[],w=[]) for SslContextFactory@221daaa[provider=Conscrypt,keyStore=file:///D:/xampp/htdocs/Kotlin-Java/kotlinapp/build/resources/main/mykeystore.jks,trustStore=null]
[Test worker] INFO org.eclipse.jetty.util.ssl.SslContextFactory - Unable to get KeyManagerFactory instance for algorithm [SunX509] on provider [Conscrypt], using default
[Test worker] INFO org.eclipse.jetty.server.AbstractConnector - Started ServerConnector@30670795{SSL, (ssl, http/1.1)}{0.0.0.0:8443}
[Test worker] INFO org.eclipse.jetty.server.Server - Started @6780ms
[Test worker] INFO io.javalin.Javalin - Listening on http://localhost:8080/api
[Test worker] INFO io.javalin.Javalin - Listening on https://localhost:8443/api
[Test worker] INFO io.javalin.Javalin - Javalin started in 249ms \o/
[Test worker] INFO com.zaxxer.hikari.HikariDataSource - HikariPool-7 - Starting...
[Test worker] INFO com.zaxxer.hikari.HikariDataSource - HikariPool-7 - Start completed.
[Test worker] INFO io.javalin.Javalin - Stopping Javalin ...
[Test worker] INFO org.eclipse.jetty.server.AbstractConnector - Stopped ServerConnector@3bf9c9ba{HTTP/1.1, (http/1.1)}{0.0.0.0:8080}
[Test worker] INFO org.eclipse.jetty.server.AbstractConnector - Stopped ServerConnector@30670795{SSL, (ssl, http/1.1)}{0.0.0.0:8443}
[Test worker] INFO io.javalin.Javalin - Javalin has stopped
[Test worker] WARN org.eclipse.jetty.server.handler.AbstractHandler - No Server set for WebjarHandler@3abd1db7{STARTING}
[Test worker] INFO io.javalin.Javalin - Static file handler added:
    {urlPathPrefix: "/", path: "/public", location: Location.CLASSPATH}
    Resolved path: 'file:///D:/xampp/htdocs/Kotlin-Java/kotlinapp/build/resources/main/public/'
[Test worker] WARN org.eclipse.jetty.server.handler.AbstractHandler - No Server set for PrefixableHandler@679ad2db{STARTING}
[Test worker] INFO io.javalin.Javalin - 
           __                      __ _
          / /____ _ _   __ ____ _ / /(_)____
     __  / // __ `/| | / // __ `// // // __ \
    / /_/ // /_/ / | |/ // /_/ // // // / / /
    \____/ \__,_/  |___/ \__,_//_//_//_/ /_/

        https://javalin.io/documentation

[Test worker] INFO io.javalin.Javalin - Starting Javalin ...
[Test worker] INFO org.eclipse.jetty.server.Server - jetty-9.4.34.v20201102; built: 2020-11-02T14:15:39.302Z; git: e46af88704a893fc12cb0e3bf46e2c7b48a009e7; jvm 1.8.0_275-b01
[Test worker] INFO org.eclipse.jetty.server.AbstractConnector - Started ServerConnector@426994b7{HTTP/1.1, (http/1.1)}{0.0.0.0:8080}
[Test worker] INFO org.eclipse.jetty.util.ssl.SslContextFactory - x509=X509@36edc0bf(localhost,h=[],w=[]) for SslContextFactory@2cfb563f[provider=Conscrypt,keyStore=file:///D:/xampp/htdocs/Kotlin-Java/kotlinapp/build/resources/main/mykeystore.jks,trustStore=null]
[Test worker] INFO org.eclipse.jetty.util.ssl.SslContextFactory - Unable to get KeyManagerFactory instance for algorithm [SunX509] on provider [Conscrypt], using default
[Test worker] INFO org.eclipse.jetty.server.AbstractConnector - Started ServerConnector@aaaea19{SSL, (ssl, http/1.1)}{0.0.0.0:8443}
[Test worker] INFO org.eclipse.jetty.server.Server - Started @7095ms
[Test worker] INFO io.javalin.Javalin - Listening on http://localhost:8080/api
[Test worker] INFO io.javalin.Javalin - Listening on https://localhost:8443/api
[Test worker] INFO io.javalin.Javalin - Javalin started in 249ms \o/
[Test worker] INFO com.zaxxer.hikari.HikariDataSource - HikariPool-8 - Starting...
[Test worker] INFO com.zaxxer.hikari.HikariDataSource - HikariPool-8 - Start completed.
[Test worker] INFO io.javalin.Javalin - Stopping Javalin ...
[Test worker] INFO org.eclipse.jetty.server.AbstractConnector - Stopped ServerConnector@426994b7{HTTP/1.1, (http/1.1)}{0.0.0.0:8080}
[Test worker] INFO org.eclipse.jetty.server.AbstractConnector - Stopped ServerConnector@aaaea19{SSL, (ssl, http/1.1)}{0.0.0.0:8443}
[Test worker] INFO io.javalin.Javalin - Javalin has stopped
[Test worker] WARN org.eclipse.jetty.server.handler.AbstractHandler - No Server set for WebjarHandler@194f2d3a{STARTING}
[Test worker] INFO io.javalin.Javalin - Static file handler added:
    {urlPathPrefix: "/", path: "/public", location: Location.CLASSPATH}
    Resolved path: 'file:///D:/xampp/htdocs/Kotlin-Java/kotlinapp/build/resources/main/public/'
[Test worker] WARN org.eclipse.jetty.server.handler.AbstractHandler - No Server set for PrefixableHandler@77534d07{STARTING}
[Test worker] INFO io.javalin.Javalin - 
           __                      __ _
          / /____ _ _   __ ____ _ / /(_)____
     __  / // __ `/| | / // __ `// // // __ \
    / /_/ // /_/ / | |/ // /_/ // // // / / /
    \____/ \__,_/  |___/ \__,_//_//_//_/ /_/

        https://javalin.io/documentation

[Test worker] INFO io.javalin.Javalin - Starting Javalin ...
[Test worker] INFO org.eclipse.jetty.server.Server - jetty-9.4.34.v20201102; built: 2020-11-02T14:15:39.302Z; git: e46af88704a893fc12cb0e3bf46e2c7b48a009e7; jvm 1.8.0_275-b01
[Test worker] INFO org.eclipse.jetty.server.AbstractConnector - Started ServerConnector@78d7270{HTTP/1.1, (http/1.1)}{0.0.0.0:8080}
[Test worker] INFO org.eclipse.jetty.util.ssl.SslContextFactory - x509=X509@57ea03a2(localhost,h=[],w=[]) for SslContextFactory@780b11f8[provider=Conscrypt,keyStore=file:///D:/xampp/htdocs/Kotlin-Java/kotlinapp/build/resources/main/mykeystore.jks,trustStore=null]
[Test worker] INFO org.eclipse.jetty.util.ssl.SslContextFactory - Unable to get KeyManagerFactory instance for algorithm [SunX509] on provider [Conscrypt], using default
[Test worker] INFO org.eclipse.jetty.server.AbstractConnector - Started ServerConnector@1b3eb985{SSL, (ssl, http/1.1)}{0.0.0.0:8443}
[Test worker] INFO org.eclipse.jetty.server.Server - Started @7385ms
[Test worker] INFO io.javalin.Javalin - Listening on http://localhost:8080/api
[Test worker] INFO io.javalin.Javalin - Listening on https://localhost:8443/api
[Test worker] INFO io.javalin.Javalin - Javalin started in 234ms \o/
[Test worker] INFO com.zaxxer.hikari.HikariDataSource - HikariPool-9 - Starting...
[Test worker] INFO com.zaxxer.hikari.HikariDataSource - HikariPool-9 - Start completed.
[Test worker] INFO io.javalin.Javalin - Stopping Javalin ...
[Test worker] INFO org.eclipse.jetty.server.AbstractConnector - Stopped ServerConnector@78d7270{HTTP/1.1, (http/1.1)}{0.0.0.0:8080}
[Test worker] INFO org.eclipse.jetty.server.AbstractConnector - Stopped ServerConnector@1b3eb985{SSL, (ssl, http/1.1)}{0.0.0.0:8443}
[Test worker] INFO io.javalin.Javalin - Javalin has stopped
]]></system-err>
</testsuite>
