<?xml version="1.0" encoding="UTF-8"?>
<testsuite name="app.controllers.ProfileControllerTest" tests="3" skipped="0" failures="0" errors="0" timestamp="2020-11-19T08:23:18" hostname="RAKESHLAPTOP" time="4.644">
  <properties/>
  <testcase name="unfollow profile by username" classname="app.controllers.ProfileControllerTest" time="3.905"/>
  <testcase name="get profile by username" classname="app.controllers.ProfileControllerTest" time="0.379"/>
  <testcase name="follow profile by username" classname="app.controllers.ProfileControllerTest" time="0.36"/>
  <system-out><![CDATA[]]></system-out>
  <system-err><![CDATA[[Test worker] INFO org.eclipse.jetty.util.log - Logging initialized @1416ms to org.eclipse.jetty.util.log.Slf4jLog
[Test worker] WARN org.eclipse.jetty.server.handler.AbstractHandler - No Server set for WebjarHandler@64dcc0d1{STARTING}
[Test worker] INFO io.javalin.Javalin - Static file handler added:
    {urlPathPrefix: "/", path: "/public", location: Location.CLASSPATH}
    Resolved path: 'file:///D:/xampp/htdocs/Kotlin-Java/kotlinapp/build/resources/main/public/'
[Test worker] WARN org.eclipse.jetty.server.handler.AbstractHandler - No Server set for PrefixableHandler@48c69045{STARTING}
[Test worker] INFO io.javalin.Javalin - 
           __                      __ _
          / /____ _ _   __ ____ _ / /(_)____
     __  / // __ `/| | / // __ `// // // __ \
    / /_/ // /_/ / | |/ // /_/ // // // / / /
    \____/ \__,_/  |___/ \__,_//_//_//_/ /_/

        https://javalin.io/documentation

[Test worker] INFO io.javalin.Javalin - Starting Javalin ...
[Test worker] INFO org.eclipse.jetty.server.Server - jetty-9.4.34.v20201102; built: 2020-11-02T14:15:39.302Z; git: e46af88704a893fc12cb0e3bf46e2c7b48a009e7; jvm 1.8.0_275-b01
[Test worker] INFO org.eclipse.jetty.server.AbstractConnector - Started ServerConnector@2cc5ec6a{HTTP/1.1, (http/1.1)}{0.0.0.0:80}
[Test worker] INFO org.eclipse.jetty.util.ssl.SslContextFactory - x509=X509@4b3f62bb(localhost,h=[],w=[]) for SslContextFactory@4eb0e02d[provider=Conscrypt,keyStore=file:///D:/xampp/htdocs/Kotlin-Java/kotlinapp/build/resources/main/mykeystore.jks,trustStore=null]
[Test worker] INFO org.eclipse.jetty.util.ssl.SslContextFactory - Unable to get KeyManagerFactory instance for algorithm [SunX509] on provider [Conscrypt], using default
[Test worker] INFO org.eclipse.jetty.server.AbstractConnector - Started ServerConnector@3dd85626{SSL, (ssl, http/1.1)}{0.0.0.0:443}
[Test worker] INFO org.eclipse.jetty.server.Server - Started @2513ms
[Test worker] INFO io.javalin.Javalin - Listening on http://localhost:80/api
[Test worker] INFO io.javalin.Javalin - Listening on https://localhost:443/api
[Test worker] INFO io.javalin.Javalin - Javalin started in 607ms \o/
[Test worker] INFO com.zaxxer.hikari.HikariDataSource - HikariPool-1 - Starting...
[Test worker] INFO com.zaxxer.hikari.HikariDataSource - HikariPool-1 - Start completed.
[Test worker] INFO io.javalin.Javalin - Stopping Javalin ...
[Test worker] INFO org.eclipse.jetty.server.AbstractConnector - Stopped ServerConnector@2cc5ec6a{HTTP/1.1, (http/1.1)}{0.0.0.0:80}
[Test worker] INFO org.eclipse.jetty.server.AbstractConnector - Stopped ServerConnector@3dd85626{SSL, (ssl, http/1.1)}{0.0.0.0:443}
[Test worker] INFO io.javalin.Javalin - Javalin has stopped
[Test worker] WARN org.eclipse.jetty.server.handler.AbstractHandler - No Server set for WebjarHandler@494d5466{STARTING}
[Test worker] INFO io.javalin.Javalin - Static file handler added:
    {urlPathPrefix: "/", path: "/public", location: Location.CLASSPATH}
    Resolved path: 'file:///D:/xampp/htdocs/Kotlin-Java/kotlinapp/build/resources/main/public/'
[Test worker] WARN org.eclipse.jetty.server.handler.AbstractHandler - No Server set for PrefixableHandler@5f37ecd1{STARTING}
[Test worker] INFO io.javalin.Javalin - 
           __                      __ _
          / /____ _ _   __ ____ _ / /(_)____
     __  / // __ `/| | / // __ `// // // __ \
    / /_/ // /_/ / | |/ // /_/ // // // / / /
    \____/ \__,_/  |___/ \__,_//_//_//_/ /_/

        https://javalin.io/documentation

[Test worker] INFO io.javalin.Javalin - Starting Javalin ...
[Test worker] INFO org.eclipse.jetty.server.Server - jetty-9.4.34.v20201102; built: 2020-11-02T14:15:39.302Z; git: e46af88704a893fc12cb0e3bf46e2c7b48a009e7; jvm 1.8.0_275-b01
[Test worker] INFO org.eclipse.jetty.server.AbstractConnector - Started ServerConnector@414236a1{HTTP/1.1, (http/1.1)}{0.0.0.0:80}
[Test worker] INFO org.eclipse.jetty.util.ssl.SslContextFactory - x509=X509@3d3d68dc(localhost,h=[],w=[]) for SslContextFactory@273ca743[provider=Conscrypt,keyStore=file:///D:/xampp/htdocs/Kotlin-Java/kotlinapp/build/resources/main/mykeystore.jks,trustStore=null]
[Test worker] INFO org.eclipse.jetty.util.ssl.SslContextFactory - Unable to get KeyManagerFactory instance for algorithm [SunX509] on provider [Conscrypt], using default
[Test worker] INFO org.eclipse.jetty.server.AbstractConnector - Started ServerConnector@24c65553{SSL, (ssl, http/1.1)}{0.0.0.0:443}
[Test worker] INFO org.eclipse.jetty.server.Server - Started @5156ms
[Test worker] INFO io.javalin.Javalin - Listening on http://localhost:80/api
[Test worker] INFO io.javalin.Javalin - Listening on https://localhost:443/api
[Test worker] INFO io.javalin.Javalin - Javalin started in 262ms \o/
[Test worker] INFO com.zaxxer.hikari.HikariDataSource - HikariPool-2 - Starting...
[Test worker] INFO com.zaxxer.hikari.HikariDataSource - HikariPool-2 - Start completed.
[Test worker] INFO io.javalin.Javalin - Stopping Javalin ...
[Test worker] INFO org.eclipse.jetty.server.AbstractConnector - Stopped ServerConnector@414236a1{HTTP/1.1, (http/1.1)}{0.0.0.0:80}
[Test worker] INFO org.eclipse.jetty.server.AbstractConnector - Stopped ServerConnector@24c65553{SSL, (ssl, http/1.1)}{0.0.0.0:443}
[Test worker] INFO io.javalin.Javalin - Javalin has stopped
[Test worker] WARN org.eclipse.jetty.server.handler.AbstractHandler - No Server set for WebjarHandler@5c6ce87b{STARTING}
[Test worker] INFO io.javalin.Javalin - Static file handler added:
    {urlPathPrefix: "/", path: "/public", location: Location.CLASSPATH}
    Resolved path: 'file:///D:/xampp/htdocs/Kotlin-Java/kotlinapp/build/resources/main/public/'
[Test worker] WARN org.eclipse.jetty.server.handler.AbstractHandler - No Server set for PrefixableHandler@37d7b70f{STARTING}
[Test worker] INFO io.javalin.Javalin - 
           __                      __ _
          / /____ _ _   __ ____ _ / /(_)____
     __  / // __ `/| | / // __ `// // // __ \
    / /_/ // /_/ / | |/ // /_/ // // // / / /
    \____/ \__,_/  |___/ \__,_//_//_//_/ /_/

        https://javalin.io/documentation

[Test worker] INFO io.javalin.Javalin - Starting Javalin ...
[Test worker] INFO org.eclipse.jetty.server.Server - jetty-9.4.34.v20201102; built: 2020-11-02T14:15:39.302Z; git: e46af88704a893fc12cb0e3bf46e2c7b48a009e7; jvm 1.8.0_275-b01
[Test worker] INFO org.eclipse.jetty.server.AbstractConnector - Started ServerConnector@678c84bb{HTTP/1.1, (http/1.1)}{0.0.0.0:80}
[Test worker] INFO org.eclipse.jetty.util.ssl.SslContextFactory - x509=X509@1757114d(localhost,h=[],w=[]) for SslContextFactory@7ee08178[provider=Conscrypt,keyStore=file:///D:/xampp/htdocs/Kotlin-Java/kotlinapp/build/resources/main/mykeystore.jks,trustStore=null]
[Test worker] INFO org.eclipse.jetty.util.ssl.SslContextFactory - Unable to get KeyManagerFactory instance for algorithm [SunX509] on provider [Conscrypt], using default
[Test worker] INFO org.eclipse.jetty.server.AbstractConnector - Started ServerConnector@50b77ced{SSL, (ssl, http/1.1)}{0.0.0.0:443}
[Test worker] INFO org.eclipse.jetty.server.Server - Started @5539ms
[Test worker] INFO io.javalin.Javalin - Listening on http://localhost:80/api
[Test worker] INFO io.javalin.Javalin - Listening on https://localhost:443/api
[Test worker] INFO io.javalin.Javalin - Javalin started in 262ms \o/
[Test worker] INFO com.zaxxer.hikari.HikariDataSource - HikariPool-3 - Starting...
[Test worker] INFO com.zaxxer.hikari.HikariDataSource - HikariPool-3 - Start completed.
[Test worker] INFO io.javalin.Javalin - Stopping Javalin ...
[Test worker] INFO org.eclipse.jetty.server.AbstractConnector - Stopped ServerConnector@678c84bb{HTTP/1.1, (http/1.1)}{0.0.0.0:80}
[Test worker] INFO org.eclipse.jetty.server.AbstractConnector - Stopped ServerConnector@50b77ced{SSL, (ssl, http/1.1)}{0.0.0.0:443}
[Test worker] INFO io.javalin.Javalin - Javalin has stopped
]]></system-err>
</testsuite>
